<component name="libraryTable">
  <library name="junit5-api-5.0.0-20160616.110057-926">
    <CLASSES>
      <root url="jar://$PROJECT_DIR$/lib/junit5-api-5.0.0-20160616.110057-926.jar!/" />
    </CLASSES>
    <JAVADOC />
    <SOURCES />
  </library>
</component>